<?xml version="1.0" encoding="UTF-8"?>
<!-- Generated by org.testng.reporters.JUnitReportReporter -->
<testsuite skipped="0" hostname="MyComputer" name="testcases.Testcase_Transferfunds" tests="1" failures="0" timestamp="2019-12-04T17:56:14 EST" time="32.042" errors="0">
  <testcase name="transferfunds" time="32.042" classname="testcases.Testcase_Transferfunds"/>
</testsuite> <!-- testcases.Testcase_Transferfunds -->
