<?xml version="1.0" encoding="UTF-8"?>
<!-- Generated by org.testng.reporters.JUnitReportReporter -->
<testsuite skipped="0" hostname="MyComputer" name="testcases.Testcase_AddPAyee" tests="1" failures="0" timestamp="2019-12-04T17:56:14 EST" time="12.651" errors="0">
  <testcase name="validateAddPayee" time="12.651" classname="testcases.Testcase_AddPAyee"/>
</testsuite> <!-- testcases.Testcase_AddPAyee -->
