<?xml version="1.0" encoding="UTF-8"?>
<!-- Generated by org.testng.reporters.JUnitReportReporter -->
<testsuite hostname="MyComputer" failures="0" tests="1" name="testcases.Testcase_AddPAyee" time="12.693" errors="0" timestamp="2020-01-22T09:19:49 EST" skipped="0">
  <testcase classname="testcases.Testcase_AddPAyee" name="validateAddPayee" time="12.693"/>
</testsuite> <!-- testcases.Testcase_AddPAyee -->
