<?xml version="1.0" encoding="UTF-8"?>
<!-- Generated by org.testng.reporters.JUnitReportReporter -->
<testsuite hostname="MyComputer" failures="0" tests="1" name="testcases.Testcase_Transferfunds" time="13.639" errors="0" timestamp="2019-12-04T20:49:22 EST" skipped="0">
  <testcase classname="testcases.Testcase_Transferfunds" name="transferfunds" time="13.639"/>
</testsuite> <!-- testcases.Testcase_Transferfunds -->
